<?xml version="1.0" encoding="UTF-8"?>
<testng-results ignored="0" total="1" passed="1" failed="0" skipped="0">
  <reporter-output>
  </reporter-output>
  <suite started-at="2024-10-09T13:29:05 EDT" name="Surefire suite" finished-at="2024-10-09T13:29:30 EDT" duration-ms="24989">
    <groups>
    </groups>
    <test started-at="2024-10-09T13:29:05 EDT" name="Surefire test" finished-at="2024-10-09T13:29:30 EDT" duration-ms="24989">
      <class name="com.vscodefirstproject.AppTest">
        <test-method is-config="true" signature="setup()[pri:0, instance:com.vscodefirstproject.AppTest@3a079870]" started-at="2024-10-09T13:29:06 EDT" name="setup" finished-at="2024-10-09T13:29:30 EDT" duration-ms="24687" status="PASS">
          <reporter-output>
          </reporter-output>
        </test-method> <!-- setup -->
        <test-method signature="bluechoicelogin()[pri:0, instance:com.vscodefirstproject.AppTest@3a079870]" started-at="2024-10-09T13:29:30 EDT" name="bluechoicelogin" finished-at="2024-10-09T13:29:30 EDT" duration-ms="213" status="PASS">
          <reporter-output>
          </reporter-output>
        </test-method> <!-- bluechoicelogin -->
      </class> <!-- com.vscodefirstproject.AppTest -->
    </test> <!-- Surefire test -->
  </suite> <!-- Surefire suite -->
</testng-results>
